<?xml version="1.0" encoding="UTF-8"?>
<!-- Generated by org.testng.reporters.JUnitXMLReporter -->
<testsuite hostname="CIPL-6PC235" name="Test" tests="1" failures="1" timestamp="19 Sep 2017 15:12:31 GMT" time="0.022" errors="0">
  <testcase name="demo" time="0.005" classname="TestingWhiz.TestingWhizLogin">
    <failure type="java.lang.NullPointerException">
      <![CDATA[java.lang.NullPointerException
	at TestingWhiz.TestingWhizLogin.demo(TestingWhizLogin.java:22)
... Removed 24 stack frames]]>
    </failure>
  </testcase> <!-- demo -->
</testsuite> <!-- Test -->
